<?xml version="1.0" encoding="UTF-8"?>
<testsuite xmlns:xsi="http://www.w3.org/2001/XMLSchema-instance" xsi:noNamespaceSchemaLocation="https://maven.apache.org/surefire/maven-surefire-plugin/xsd/surefire-test-report.xsd" name="mmux.MMuxClientTest" time="10.961" tests="7" errors="0" skipped="0" failures="0">
  <properties>
    <property name="gopherProxySet" value="false"/>
    <property name="awt.toolkit" value="sun.lwawt.macosx.LWCToolkit"/>
    <property name="file.encoding.pkg" value="sun.io"/>
    <property name="java.specification.version" value="1.8"/>
    <property name="sun.cpu.isalist" value=""/>
    <property name="sun.jnu.encoding" value="UTF-8"/>
    <property name="java.class.path" value="/Users/anuragk/Work/Projects/MemoryMUX/memorymux/javaclient/core/target/test-classes:/Users/anuragk/Work/Projects/MemoryMUX/memorymux/javaclient/core/target/classes:/Users/anuragk/.m2/repository/org/apache/thrift/libthrift/0.11.0/libthrift-0.11.0.jar:/Users/anuragk/.m2/repository/org/slf4j/slf4j-api/1.7.12/slf4j-api-1.7.12.jar:/Users/anuragk/.m2/repository/org/apache/httpcomponents/httpclient/4.4.1/httpclient-4.4.1.jar:/Users/anuragk/.m2/repository/commons-logging/commons-logging/1.2/commons-logging-1.2.jar:/Users/anuragk/.m2/repository/commons-codec/commons-codec/1.9/commons-codec-1.9.jar:/Users/anuragk/.m2/repository/org/apache/httpcomponents/httpcore/4.4.1/httpcore-4.4.1.jar:/Users/anuragk/.m2/repository/org/ini4j/ini4j/0.5.4/ini4j-0.5.4.jar:/Users/anuragk/.m2/repository/junit/junit/4.12/junit-4.12.jar:/Users/anuragk/.m2/repository/org/hamcrest/hamcrest-core/1.3/hamcrest-core-1.3.jar:/Users/anuragk/.m2/repository/org/slf4j/slf4j-log4j12/1.7.25/slf4j-log4j12-1.7.25.jar:/Users/anuragk/.m2/repository/log4j/log4j/1.2.17/log4j-1.2.17.jar:"/>
    <property name="java.vm.vendor" value="Oracle Corporation"/>
    <property name="sun.arch.data.model" value="64"/>
    <property name="mmux.storage.exec" value="/Users/anuragk/Work/Projects/MemoryMUX/memorymux/cmake-build-debug/storage/storaged"/>
    <property name="java.vendor.url" value="http://java.oracle.com/"/>
    <property name="user.timezone" value=""/>
    <property name="java.vm.specification.version" value="1.8"/>
    <property name="os.name" value="Mac OS X"/>
    <property name="user.country" value="US"/>
    <property name="sun.java.launcher" value="SUN_STANDARD"/>
    <property name="sun.boot.library.path" value="/Library/Java/JavaVirtualMachines/jdk1.8.0_162.jdk/Contents/Home/jre/lib"/>
    <property name="sun.java.command" value="/Users/anuragk/Work/Projects/MemoryMUX/memorymux/javaclient/core/target/surefire/surefirebooter550753696167323952.jar /Users/anuragk/Work/Projects/MemoryMUX/memorymux/javaclient/core/target/surefire 2018-06-25T12-34-08_273-jvmRun1 surefire5734232900606708348tmp surefire_0707248477469048095tmp"/>
    <property name="http.nonProxyHosts" value="local|*.local|169.254/16|*.169.254/16"/>
    <property name="surefire.test.class.path" value="/Users/anuragk/Work/Projects/MemoryMUX/memorymux/javaclient/core/target/test-classes:/Users/anuragk/Work/Projects/MemoryMUX/memorymux/javaclient/core/target/classes:/Users/anuragk/.m2/repository/org/apache/thrift/libthrift/0.11.0/libthrift-0.11.0.jar:/Users/anuragk/.m2/repository/org/slf4j/slf4j-api/1.7.12/slf4j-api-1.7.12.jar:/Users/anuragk/.m2/repository/org/apache/httpcomponents/httpclient/4.4.1/httpclient-4.4.1.jar:/Users/anuragk/.m2/repository/commons-logging/commons-logging/1.2/commons-logging-1.2.jar:/Users/anuragk/.m2/repository/commons-codec/commons-codec/1.9/commons-codec-1.9.jar:/Users/anuragk/.m2/repository/org/apache/httpcomponents/httpcore/4.4.1/httpcore-4.4.1.jar:/Users/anuragk/.m2/repository/org/ini4j/ini4j/0.5.4/ini4j-0.5.4.jar:/Users/anuragk/.m2/repository/junit/junit/4.12/junit-4.12.jar:/Users/anuragk/.m2/repository/org/hamcrest/hamcrest-core/1.3/hamcrest-core-1.3.jar:/Users/anuragk/.m2/repository/org/slf4j/slf4j-log4j12/1.7.25/slf4j-log4j12-1.7.25.jar:/Users/anuragk/.m2/repository/log4j/log4j/1.2.17/log4j-1.2.17.jar:"/>
    <property name="sun.cpu.endian" value="little"/>
    <property name="user.home" value="/Users/anuragk"/>
    <property name="user.language" value="en"/>
    <property name="java.specification.vendor" value="Oracle Corporation"/>
    <property name="java.home" value="/Library/Java/JavaVirtualMachines/jdk1.8.0_162.jdk/Contents/Home/jre"/>
    <property name="basedir" value="/Users/anuragk/Work/Projects/MemoryMUX/memorymux/javaclient/core"/>
    <property name="file.separator" value="/"/>
    <property name="line.separator" value="&#10;"/>
    <property name="java.vm.specification.vendor" value="Oracle Corporation"/>
    <property name="java.specification.name" value="Java Platform API Specification"/>
    <property name="java.awt.graphicsenv" value="sun.awt.CGraphicsEnvironment"/>
    <property name="surefire.real.class.path" value="/Users/anuragk/Work/Projects/MemoryMUX/memorymux/javaclient/core/target/surefire/surefirebooter550753696167323952.jar"/>
    <property name="sun.boot.class.path" value="/Library/Java/JavaVirtualMachines/jdk1.8.0_162.jdk/Contents/Home/jre/lib/resources.jar:/Library/Java/JavaVirtualMachines/jdk1.8.0_162.jdk/Contents/Home/jre/lib/rt.jar:/Library/Java/JavaVirtualMachines/jdk1.8.0_162.jdk/Contents/Home/jre/lib/sunrsasign.jar:/Library/Java/JavaVirtualMachines/jdk1.8.0_162.jdk/Contents/Home/jre/lib/jsse.jar:/Library/Java/JavaVirtualMachines/jdk1.8.0_162.jdk/Contents/Home/jre/lib/jce.jar:/Library/Java/JavaVirtualMachines/jdk1.8.0_162.jdk/Contents/Home/jre/lib/charsets.jar:/Library/Java/JavaVirtualMachines/jdk1.8.0_162.jdk/Contents/Home/jre/lib/jfr.jar:/Library/Java/JavaVirtualMachines/jdk1.8.0_162.jdk/Contents/Home/jre/classes"/>
    <property name="sun.management.compiler" value="HotSpot 64-Bit Tiered Compilers"/>
    <property name="ftp.nonProxyHosts" value="local|*.local|169.254/16|*.169.254/16"/>
    <property name="java.runtime.version" value="1.8.0_162-b12"/>
    <property name="user.name" value="anuragk"/>
    <property name="path.separator" value=":"/>
    <property name="os.version" value="10.13.5"/>
    <property name="java.endorsed.dirs" value="/Library/Java/JavaVirtualMachines/jdk1.8.0_162.jdk/Contents/Home/jre/lib/endorsed"/>
    <property name="java.runtime.name" value="Java(TM) SE Runtime Environment"/>
    <property name="file.encoding" value="UTF-8"/>
    <property name="java.vm.name" value="Java HotSpot(TM) 64-Bit Server VM"/>
    <property name="localRepository" value="/Users/anuragk/.m2/repository"/>
    <property name="java.vendor.url.bug" value="http://bugreport.sun.com/bugreport/"/>
    <property name="java.io.tmpdir" value="/var/folders/hr/gs6jzjm54dv0dn105chlkjch0000gn/T/"/>
    <property name="java.version" value="1.8.0_162"/>
    <property name="user.dir" value="/Users/anuragk/Work/Projects/MemoryMUX/memorymux/javaclient/core"/>
    <property name="os.arch" value="x86_64"/>
    <property name="java.vm.specification.name" value="Java Virtual Machine Specification"/>
    <property name="java.awt.printerjob" value="sun.lwawt.macosx.CPrinterJob"/>
    <property name="sun.os.patch.level" value="unknown"/>
    <property name="mmux.directory.exec" value="/Users/anuragk/Work/Projects/MemoryMUX/memorymux/cmake-build-debug/directory/directoryd"/>
    <property name="java.library.path" value="/Users/anuragk/Library/Java/Extensions:/Library/Java/Extensions:/Network/Library/Java/Extensions:/System/Library/Java/Extensions:/usr/lib/java:."/>
    <property name="java.vm.info" value="mixed mode"/>
    <property name="java.vendor" value="Oracle Corporation"/>
    <property name="java.vm.version" value="25.162-b12"/>
    <property name="java.ext.dirs" value="/Users/anuragk/Library/Java/Extensions:/Library/Java/JavaVirtualMachines/jdk1.8.0_162.jdk/Contents/Home/jre/lib/ext:/Library/Java/Extensions:/Network/Library/Java/Extensions:/System/Library/Java/Extensions:/usr/lib/java"/>
    <property name="sun.io.unicode.encoding" value="UnicodeBig"/>
    <property name="java.class.version" value="52.0"/>
    <property name="socksNonProxyHosts" value="local|*.local|169.254/16|*.169.254/16"/>
  </properties>
  <testcase name="testAutoScale" classname="mmux.MMuxClientTest" time="1.2"/>
  <testcase name="testFlushRemove" classname="mmux.MMuxClientTest" time="1.237"/>
  <testcase name="testOpen" classname="mmux.MMuxClientTest" time="1.244"/>
  <testcase name="testNotifications" classname="mmux.MMuxClientTest" time="1.245"/>
  <testcase name="testCreate" classname="mmux.MMuxClientTest" time="1.242"/>
  <testcase name="testChainReplication" classname="mmux.MMuxClientTest" time="1.482"/>
  <testcase name="testLeaseWorker" classname="mmux.MMuxClientTest" time="3.244"/>
</testsuite>